<?xml version="1.0" encoding="UTF-8"?>
<!-- Generated by org.testng.reporters.JUnitReportReporter -->
<testsuite hostname="QATest-1721815" failures="0" tests="5" name="com.maresk.testcases.TC001" time="8.336" errors="0" timestamp="2020-11-11T13:21:04 IST" skipped="0">
  <testcase classname="com.maresk.testcases.TC001" name="VerifyHomePage" time="0.335"/>
  <system-out/>
  <testcase classname="com.maresk.testcases.TC001" name="Validate_DepartureCityList" time="0.242"/>
  <system-out/>
  <testcase classname="com.maresk.testcases.TC001" name="Validate_ArrivalCityList" time="0.221"/>
  <system-out/>
  <testcase classname="com.maresk.testcases.TC001" name="ValidateSearchFlightResults" time="3.778"/>
  <system-out/>
  <testcase classname="com.maresk.testcases.TC001" name="BookFlights" time="3.760"/>
  <system-out/>
</testsuite> <!-- com.maresk.testcases.TC001 -->
